<?xml version="1.0" encoding="UTF-8"?>
<testng-results ignored="0" total="1" passed="1" failed="0" skipped="0">
  <reporter-output>
  </reporter-output>
  <suite started-at="2023-12-20T10:42:26 IST" name="Default suite" finished-at="2023-12-20T10:42:34 IST" duration-ms="8459">
    <groups>
    </groups>
    <test started-at="2023-12-20T10:42:26 IST" name="Default test" finished-at="2023-12-20T10:42:34 IST" duration-ms="8459">
      <class name="Extentreport.AddScreenShotWithExtentReport">
        <test-method signature="addScreenshot()[pri:0, instance:Extentreport.AddScreenShotWithExtentReport@27ce24aa]" started-at="2023-12-20T10:42:26 IST" name="addScreenshot" finished-at="2023-12-20T10:42:34 IST" duration-ms="8401" status="PASS">
          <reporter-output>
          </reporter-output>
        </test-method> <!-- addScreenshot -->
      </class> <!-- Extentreport.AddScreenShotWithExtentReport -->
    </test> <!-- Default test -->
  </suite> <!-- Default suite -->
</testng-results>
